<?xml version="1.0" encoding="UTF-8"?>
<!-- Generated by org.testng.reporters.JUnitReportReporter -->
<testsuite hostname="Gs-MacBook-Pro.modem" name="com.toyota.qa.tests.HomePageTest" tests="2" failures="0" timestamp="1 May 2019 19:16:59 GMT" time="13.834" errors="0">
  <testcase name="clickonfindadealerTest" time="8.266" classname="com.toyota.qa.tests.HomePageTest"/>
  <testcase name="verifyHomePageTitleTest" time="5.568" classname="com.toyota.qa.tests.HomePageTest"/>
</testsuite> <!-- com.toyota.qa.tests.HomePageTest -->
